ARM GAS  C:\Users\Lorenzo\AppData\Local\Temp\ccvLfjjg.s 			page 1


   1              		.syntax unified
   2              		.cpu cortex-m3
   3              		.fpu softvfp
   4              		.eabi_attribute 20, 1
   5              		.eabi_attribute 21, 1
   6              		.eabi_attribute 23, 3
   7              		.eabi_attribute 24, 1
   8              		.eabi_attribute 25, 1
   9              		.eabi_attribute 26, 1
  10              		.eabi_attribute 30, 1
  11              		.eabi_attribute 34, 1
  12              		.eabi_attribute 18, 4
  13              		.thumb
  14              		.syntax unified
  15              		.file	"InterruptRoutines.c"
  16              		.text
  17              	.Ltext0:
  18              		.cfi_sections	.debug_frame
  19              		.section	.text.Custom_TIMER_ISR,"ax",%progbits
  20              		.align	2
  21              		.global	Custom_TIMER_ISR
  22              		.thumb
  23              		.thumb_func
  24              		.type	Custom_TIMER_ISR, %function
  25              	Custom_TIMER_ISR:
  26              	.LFB63:
  27              		.file 1 "InterruptRoutines.c"
   1:InterruptRoutines.c **** /* ========================================
   2:InterruptRoutines.c ****  *
   3:InterruptRoutines.c ****  * Copyright YOUR COMPANY, THE YEAR
   4:InterruptRoutines.c ****  * All Rights Reserved
   5:InterruptRoutines.c ****  * UNPUBLISHED, LICENSED SOFTWARE.
   6:InterruptRoutines.c ****  *
   7:InterruptRoutines.c ****  * CONFIDENTIAL AND PROPRIETARY INFORMATION
   8:InterruptRoutines.c ****  * WHICH IS THE PROPERTY OF your company.
   9:InterruptRoutines.c ****  *
  10:InterruptRoutines.c ****  * ========================================
  11:InterruptRoutines.c **** */
  12:InterruptRoutines.c **** #include "InterruptRoutines.h"
  13:InterruptRoutines.c **** 
  14:InterruptRoutines.c **** /**
  15:InterruptRoutines.c **** *   \brief 7-bit I2C address of the slave device.
  16:InterruptRoutines.c **** */
  17:InterruptRoutines.c **** #define LIS3DH_DEVICE_ADDRESS 0x18
  18:InterruptRoutines.c **** /**
  19:InterruptRoutines.c **** *   \brief Address of the Status register
  20:InterruptRoutines.c **** */
  21:InterruptRoutines.c **** #define LIS3DH_STATUS_REG 0x27
  22:InterruptRoutines.c **** 
  23:InterruptRoutines.c **** // New value check
  24:InterruptRoutines.c **** #define LIS3DH_STATUS_REG_NEW_VALUE 0x08
  25:InterruptRoutines.c **** 
  26:InterruptRoutines.c **** /*
  27:InterruptRoutines.c ****     ADRESS register OUT_X_L
  28:InterruptRoutines.c **** */
  29:InterruptRoutines.c **** #define LIS3DH_OUT_X_L 0x28
  30:InterruptRoutines.c **** 
ARM GAS  C:\Users\Lorenzo\AppData\Local\Temp\ccvLfjjg.s 			page 2


  31:InterruptRoutines.c **** 
  32:InterruptRoutines.c **** 
  33:InterruptRoutines.c **** int error;
  34:InterruptRoutines.c **** uint8_t status_register_;
  35:InterruptRoutines.c **** 
  36:InterruptRoutines.c **** CY_ISR(Custom_TIMER_ISR){
  28              		.loc 1 36 0
  29              		.cfi_startproc
  30              		@ args = 0, pretend = 0, frame = 0
  31              		@ frame_needed = 0, uses_anonymous_args = 0
  32 0000 08B5     		push	{r3, lr}
  33              		.cfi_def_cfa_offset 8
  34              		.cfi_offset 3, -8
  35              		.cfi_offset 14, -4
  37:InterruptRoutines.c ****     
  38:InterruptRoutines.c ****     Timer_ReadStatusRegister(); // Read Timer status register to bring interrupt line low
  36              		.loc 1 38 0
  37 0002 FFF7FEFF 		bl	Timer_ReadStatusRegister
  38              	.LVL0:
  39:InterruptRoutines.c ****     
  40:InterruptRoutines.c ****     error = I2C_Peripheral_ReadRegister(LIS3DH_DEVICE_ADDRESS,
  39              		.loc 1 40 0
  40 0006 0D4A     		ldr	r2, .L4
  41 0008 2721     		movs	r1, #39
  42 000a 1820     		movs	r0, #24
  43 000c FFF7FEFF 		bl	I2C_Peripheral_ReadRegister
  44              	.LVL1:
  45 0010 0B4B     		ldr	r3, .L4+4
  46 0012 1860     		str	r0, [r3]
  41:InterruptRoutines.c ****                                         LIS3DH_STATUS_REG,
  42:InterruptRoutines.c ****                                         &status_register_);
  43:InterruptRoutines.c ****     
  44:InterruptRoutines.c ****     if((error == NO_ERROR) && ((status_register_) & (LIS3DH_STATUS_REG_NEW_VALUE)))
  47              		.loc 1 44 0
  48 0014 80B9     		cbnz	r0, .L1
  49              		.loc 1 44 0 is_stmt 0 discriminator 1
  50 0016 094B     		ldr	r3, .L4
  51 0018 1B78     		ldrb	r3, [r3]	@ zero_extendqisi2
  52 001a 13F0080F 		tst	r3, #8
  53 001e 0BD0     		beq	.L1
  45:InterruptRoutines.c ****     {
  46:InterruptRoutines.c ****      
  47:InterruptRoutines.c ****         error = I2C_Peripheral_ReadRegisterMulti(LIS3DH_DEVICE_ADDRESS,
  54              		.loc 1 47 0 is_stmt 1
  55 0020 084B     		ldr	r3, .L4+8
  56 0022 0622     		movs	r2, #6
  57 0024 2821     		movs	r1, #40
  58 0026 1820     		movs	r0, #24
  59 0028 FFF7FEFF 		bl	I2C_Peripheral_ReadRegisterMulti
  60              	.LVL2:
  61 002c 044B     		ldr	r3, .L4+4
  62 002e 1860     		str	r0, [r3]
  48:InterruptRoutines.c ****                                             LIS3DH_OUT_X_L, 6,
  49:InterruptRoutines.c ****                                             &AccData[0]);
  50:InterruptRoutines.c ****         
  51:InterruptRoutines.c ****         if (error == NO_ERROR)
  63              		.loc 1 51 0
ARM GAS  C:\Users\Lorenzo\AppData\Local\Temp\ccvLfjjg.s 			page 3


  64 0030 10B9     		cbnz	r0, .L1
  52:InterruptRoutines.c ****         {
  53:InterruptRoutines.c ****             PacketReadyFlag = 1;
  65              		.loc 1 53 0
  66 0032 0122     		movs	r2, #1
  67 0034 044B     		ldr	r3, .L4+12
  68 0036 1A70     		strb	r2, [r3]
  69              	.L1:
  70 0038 08BD     		pop	{r3, pc}
  71              	.L5:
  72 003a 00BF     		.align	2
  73              	.L4:
  74 003c 00000000 		.word	status_register_
  75 0040 00000000 		.word	error
  76 0044 00000000 		.word	AccData
  77 0048 00000000 		.word	PacketReadyFlag
  78              		.cfi_endproc
  79              	.LFE63:
  80              		.size	Custom_TIMER_ISR, .-Custom_TIMER_ISR
  81              		.comm	status_register_,1,1
  82              		.comm	error,4,4
  83              		.comm	PacketReadyFlag,1,1
  84              		.comm	AccData,6,4
  85              		.text
  86              	.Letext0:
  87              		.file 2 "c:\\program files (x86)\\cypress\\psoc creator\\4.3\\psoc creator\\import\\gnu\\arm\\5.4.
  88              		.file 3 "c:\\program files (x86)\\cypress\\psoc creator\\4.3\\psoc creator\\import\\gnu\\arm\\5.4.
  89              		.file 4 "Generated_Source\\PSoC5/cytypes.h"
  90              		.file 5 "Generated_Source\\PSoC5/core_cm3.h"
  91              		.file 6 "InterruptRoutines.h"
  92              		.file 7 "Generated_Source\\PSoC5/Timer.h"
  93              		.file 8 "I2C_Interface.h"
  94              		.file 9 "ErrorCodes.h"
  95              		.section	.debug_info,"",%progbits
  96              	.Ldebug_info0:
  97 0000 CB010000 		.4byte	0x1cb
  98 0004 0400     		.2byte	0x4
  99 0006 00000000 		.4byte	.Ldebug_abbrev0
 100 000a 04       		.byte	0x4
 101 000b 01       		.uleb128 0x1
 102 000c 63000000 		.4byte	.LASF29
 103 0010 0C       		.byte	0xc
 104 0011 64020000 		.4byte	.LASF30
 105 0015 EE010000 		.4byte	.LASF31
 106 0019 00000000 		.4byte	.Ldebug_ranges0+0
 107 001d 00000000 		.4byte	0
 108 0021 00000000 		.4byte	.Ldebug_line0
 109 0025 02       		.uleb128 0x2
 110 0026 01       		.byte	0x1
 111 0027 06       		.byte	0x6
 112 0028 58020000 		.4byte	.LASF0
 113 002c 03       		.uleb128 0x3
 114 002d 00000000 		.4byte	.LASF4
 115 0031 02       		.byte	0x2
 116 0032 1D       		.byte	0x1d
 117 0033 37000000 		.4byte	0x37
 118 0037 02       		.uleb128 0x2
ARM GAS  C:\Users\Lorenzo\AppData\Local\Temp\ccvLfjjg.s 			page 4


 119 0038 01       		.byte	0x1
 120 0039 08       		.byte	0x8
 121 003a 55000000 		.4byte	.LASF1
 122 003e 02       		.uleb128 0x2
 123 003f 02       		.byte	0x2
 124 0040 05       		.byte	0x5
 125 0041 CE010000 		.4byte	.LASF2
 126 0045 02       		.uleb128 0x2
 127 0046 02       		.byte	0x2
 128 0047 07       		.byte	0x7
 129 0048 03010000 		.4byte	.LASF3
 130 004c 03       		.uleb128 0x3
 131 004d 0A000000 		.4byte	.LASF5
 132 0051 02       		.byte	0x2
 133 0052 3F       		.byte	0x3f
 134 0053 57000000 		.4byte	0x57
 135 0057 02       		.uleb128 0x2
 136 0058 04       		.byte	0x4
 137 0059 05       		.byte	0x5
 138 005a 16010000 		.4byte	.LASF6
 139 005e 02       		.uleb128 0x2
 140 005f 04       		.byte	0x4
 141 0060 07       		.byte	0x7
 142 0061 F1000000 		.4byte	.LASF7
 143 0065 02       		.uleb128 0x2
 144 0066 08       		.byte	0x8
 145 0067 05       		.byte	0x5
 146 0068 9F010000 		.4byte	.LASF8
 147 006c 02       		.uleb128 0x2
 148 006d 08       		.byte	0x8
 149 006e 07       		.byte	0x7
 150 006f 69010000 		.4byte	.LASF9
 151 0073 04       		.uleb128 0x4
 152 0074 04       		.byte	0x4
 153 0075 05       		.byte	0x5
 154 0076 696E7400 		.ascii	"int\000"
 155 007a 02       		.uleb128 0x2
 156 007b 04       		.byte	0x4
 157 007c 07       		.byte	0x7
 158 007d 5C010000 		.4byte	.LASF10
 159 0081 03       		.uleb128 0x3
 160 0082 80010000 		.4byte	.LASF11
 161 0086 03       		.byte	0x3
 162 0087 18       		.byte	0x18
 163 0088 2C000000 		.4byte	0x2c
 164 008c 03       		.uleb128 0x3
 165 008d 88010000 		.4byte	.LASF12
 166 0091 03       		.byte	0x3
 167 0092 2C       		.byte	0x2c
 168 0093 4C000000 		.4byte	0x4c
 169 0097 05       		.uleb128 0x5
 170 0098 E8010000 		.4byte	.LASF13
 171 009c 04       		.byte	0x4
 172 009d E401     		.2byte	0x1e4
 173 009f 37000000 		.4byte	0x37
 174 00a3 02       		.uleb128 0x2
 175 00a4 04       		.byte	0x4
ARM GAS  C:\Users\Lorenzo\AppData\Local\Temp\ccvLfjjg.s 			page 5


 176 00a5 04       		.byte	0x4
 177 00a6 3E000000 		.4byte	.LASF14
 178 00aa 02       		.uleb128 0x2
 179 00ab 08       		.byte	0x8
 180 00ac 04       		.byte	0x4
 181 00ad 34010000 		.4byte	.LASF15
 182 00b1 02       		.uleb128 0x2
 183 00b2 01       		.byte	0x1
 184 00b3 08       		.byte	0x8
 185 00b4 AD010000 		.4byte	.LASF16
 186 00b8 06       		.uleb128 0x6
 187 00b9 97000000 		.4byte	0x97
 188 00bd 02       		.uleb128 0x2
 189 00be 08       		.byte	0x8
 190 00bf 04       		.byte	0x4
 191 00c0 4C020000 		.4byte	.LASF17
 192 00c4 02       		.uleb128 0x2
 193 00c5 04       		.byte	0x4
 194 00c6 07       		.byte	0x7
 195 00c7 90010000 		.4byte	.LASF18
 196 00cb 07       		.uleb128 0x7
 197 00cc 01       		.byte	0x1
 198 00cd 37000000 		.4byte	0x37
 199 00d1 09       		.byte	0x9
 200 00d2 15       		.byte	0x15
 201 00d3 E4000000 		.4byte	0xe4
 202 00d7 08       		.uleb128 0x8
 203 00d8 3D020000 		.4byte	.LASF19
 204 00dc 00       		.byte	0
 205 00dd 08       		.uleb128 0x8
 206 00de 46020000 		.4byte	.LASF20
 207 00e2 01       		.byte	0x1
 208 00e3 00       		.byte	0
 209 00e4 09       		.uleb128 0x9
 210 00e5 44000000 		.4byte	.LASF32
 211 00e9 01       		.byte	0x1
 212 00ea 24       		.byte	0x24
 213 00eb 00000000 		.4byte	.LFB63
 214 00ef 4C000000 		.4byte	.LFE63-.LFB63
 215 00f3 01       		.uleb128 0x1
 216 00f4 9C       		.byte	0x9c
 217 00f5 48010000 		.4byte	0x148
 218 00f9 0A       		.uleb128 0xa
 219 00fa 06000000 		.4byte	.LVL0
 220 00fe AD010000 		.4byte	0x1ad
 221 0102 0B       		.uleb128 0xb
 222 0103 10000000 		.4byte	.LVL1
 223 0107 B8010000 		.4byte	0x1b8
 224 010b 24010000 		.4byte	0x124
 225 010f 0C       		.uleb128 0xc
 226 0110 01       		.uleb128 0x1
 227 0111 50       		.byte	0x50
 228 0112 01       		.uleb128 0x1
 229 0113 48       		.byte	0x48
 230 0114 0C       		.uleb128 0xc
 231 0115 01       		.uleb128 0x1
 232 0116 51       		.byte	0x51
ARM GAS  C:\Users\Lorenzo\AppData\Local\Temp\ccvLfjjg.s 			page 6


 233 0117 02       		.uleb128 0x2
 234 0118 08       		.byte	0x8
 235 0119 27       		.byte	0x27
 236 011a 0C       		.uleb128 0xc
 237 011b 01       		.uleb128 0x1
 238 011c 52       		.byte	0x52
 239 011d 05       		.uleb128 0x5
 240 011e 03       		.byte	0x3
 241 011f 00000000 		.4byte	status_register_
 242 0123 00       		.byte	0
 243 0124 0D       		.uleb128 0xd
 244 0125 2C000000 		.4byte	.LVL2
 245 0129 C3010000 		.4byte	0x1c3
 246 012d 0C       		.uleb128 0xc
 247 012e 01       		.uleb128 0x1
 248 012f 50       		.byte	0x50
 249 0130 01       		.uleb128 0x1
 250 0131 48       		.byte	0x48
 251 0132 0C       		.uleb128 0xc
 252 0133 01       		.uleb128 0x1
 253 0134 51       		.byte	0x51
 254 0135 02       		.uleb128 0x2
 255 0136 08       		.byte	0x8
 256 0137 28       		.byte	0x28
 257 0138 0C       		.uleb128 0xc
 258 0139 01       		.uleb128 0x1
 259 013a 52       		.byte	0x52
 260 013b 01       		.uleb128 0x1
 261 013c 36       		.byte	0x36
 262 013d 0C       		.uleb128 0xc
 263 013e 01       		.uleb128 0x1
 264 013f 53       		.byte	0x53
 265 0140 05       		.uleb128 0x5
 266 0141 03       		.byte	0x3
 267 0142 00000000 		.4byte	AccData
 268 0146 00       		.byte	0
 269 0147 00       		.byte	0
 270 0148 0E       		.uleb128 0xe
 271 0149 1F010000 		.4byte	.LASF21
 272 014d 05       		.byte	0x5
 273 014e 1207     		.2byte	0x712
 274 0150 54010000 		.4byte	0x154
 275 0154 06       		.uleb128 0x6
 276 0155 8C000000 		.4byte	0x8c
 277 0159 0F       		.uleb128 0xf
 278 015a 81000000 		.4byte	0x81
 279 015e 69010000 		.4byte	0x169
 280 0162 10       		.uleb128 0x10
 281 0163 C4000000 		.4byte	0xc4
 282 0167 05       		.byte	0x5
 283 0168 00       		.byte	0
 284 0169 11       		.uleb128 0x11
 285 016a 2C010000 		.4byte	.LASF22
 286 016e 06       		.byte	0x6
 287 016f 13       		.byte	0x13
 288 0170 59010000 		.4byte	0x159
 289 0174 05       		.uleb128 0x5
ARM GAS  C:\Users\Lorenzo\AppData\Local\Temp\ccvLfjjg.s 			page 7


 290 0175 03       		.byte	0x3
 291 0176 00000000 		.4byte	AccData
 292 017a 11       		.uleb128 0x11
 293 017b D8010000 		.4byte	.LASF23
 294 017f 06       		.byte	0x6
 295 0180 14       		.byte	0x14
 296 0181 B8000000 		.4byte	0xb8
 297 0185 05       		.uleb128 0x5
 298 0186 03       		.byte	0x3
 299 0187 00000000 		.4byte	PacketReadyFlag
 300 018b 11       		.uleb128 0x11
 301 018c 99010000 		.4byte	.LASF24
 302 0190 01       		.byte	0x1
 303 0191 21       		.byte	0x21
 304 0192 73000000 		.4byte	0x73
 305 0196 05       		.uleb128 0x5
 306 0197 03       		.byte	0x3
 307 0198 00000000 		.4byte	error
 308 019c 11       		.uleb128 0x11
 309 019d 2D000000 		.4byte	.LASF25
 310 01a1 01       		.byte	0x1
 311 01a2 22       		.byte	0x22
 312 01a3 81000000 		.4byte	0x81
 313 01a7 05       		.uleb128 0x5
 314 01a8 03       		.byte	0x3
 315 01a9 00000000 		.4byte	status_register_
 316 01ad 12       		.uleb128 0x12
 317 01ae 14000000 		.4byte	.LASF26
 318 01b2 14000000 		.4byte	.LASF26
 319 01b6 07       		.byte	0x7
 320 01b7 5E       		.byte	0x5e
 321 01b8 12       		.uleb128 0x12
 322 01b9 B2010000 		.4byte	.LASF27
 323 01bd B2010000 		.4byte	.LASF27
 324 01c1 08       		.byte	0x8
 325 01c2 28       		.byte	0x28
 326 01c3 12       		.uleb128 0x12
 327 01c4 3B010000 		.4byte	.LASF28
 328 01c8 3B010000 		.4byte	.LASF28
 329 01cc 08       		.byte	0x8
 330 01cd 36       		.byte	0x36
 331 01ce 00       		.byte	0
 332              		.section	.debug_abbrev,"",%progbits
 333              	.Ldebug_abbrev0:
 334 0000 01       		.uleb128 0x1
 335 0001 11       		.uleb128 0x11
 336 0002 01       		.byte	0x1
 337 0003 25       		.uleb128 0x25
 338 0004 0E       		.uleb128 0xe
 339 0005 13       		.uleb128 0x13
 340 0006 0B       		.uleb128 0xb
 341 0007 03       		.uleb128 0x3
 342 0008 0E       		.uleb128 0xe
 343 0009 1B       		.uleb128 0x1b
 344 000a 0E       		.uleb128 0xe
 345 000b 55       		.uleb128 0x55
 346 000c 17       		.uleb128 0x17
ARM GAS  C:\Users\Lorenzo\AppData\Local\Temp\ccvLfjjg.s 			page 8


 347 000d 11       		.uleb128 0x11
 348 000e 01       		.uleb128 0x1
 349 000f 10       		.uleb128 0x10
 350 0010 17       		.uleb128 0x17
 351 0011 00       		.byte	0
 352 0012 00       		.byte	0
 353 0013 02       		.uleb128 0x2
 354 0014 24       		.uleb128 0x24
 355 0015 00       		.byte	0
 356 0016 0B       		.uleb128 0xb
 357 0017 0B       		.uleb128 0xb
 358 0018 3E       		.uleb128 0x3e
 359 0019 0B       		.uleb128 0xb
 360 001a 03       		.uleb128 0x3
 361 001b 0E       		.uleb128 0xe
 362 001c 00       		.byte	0
 363 001d 00       		.byte	0
 364 001e 03       		.uleb128 0x3
 365 001f 16       		.uleb128 0x16
 366 0020 00       		.byte	0
 367 0021 03       		.uleb128 0x3
 368 0022 0E       		.uleb128 0xe
 369 0023 3A       		.uleb128 0x3a
 370 0024 0B       		.uleb128 0xb
 371 0025 3B       		.uleb128 0x3b
 372 0026 0B       		.uleb128 0xb
 373 0027 49       		.uleb128 0x49
 374 0028 13       		.uleb128 0x13
 375 0029 00       		.byte	0
 376 002a 00       		.byte	0
 377 002b 04       		.uleb128 0x4
 378 002c 24       		.uleb128 0x24
 379 002d 00       		.byte	0
 380 002e 0B       		.uleb128 0xb
 381 002f 0B       		.uleb128 0xb
 382 0030 3E       		.uleb128 0x3e
 383 0031 0B       		.uleb128 0xb
 384 0032 03       		.uleb128 0x3
 385 0033 08       		.uleb128 0x8
 386 0034 00       		.byte	0
 387 0035 00       		.byte	0
 388 0036 05       		.uleb128 0x5
 389 0037 16       		.uleb128 0x16
 390 0038 00       		.byte	0
 391 0039 03       		.uleb128 0x3
 392 003a 0E       		.uleb128 0xe
 393 003b 3A       		.uleb128 0x3a
 394 003c 0B       		.uleb128 0xb
 395 003d 3B       		.uleb128 0x3b
 396 003e 05       		.uleb128 0x5
 397 003f 49       		.uleb128 0x49
 398 0040 13       		.uleb128 0x13
 399 0041 00       		.byte	0
 400 0042 00       		.byte	0
 401 0043 06       		.uleb128 0x6
 402 0044 35       		.uleb128 0x35
 403 0045 00       		.byte	0
ARM GAS  C:\Users\Lorenzo\AppData\Local\Temp\ccvLfjjg.s 			page 9


 404 0046 49       		.uleb128 0x49
 405 0047 13       		.uleb128 0x13
 406 0048 00       		.byte	0
 407 0049 00       		.byte	0
 408 004a 07       		.uleb128 0x7
 409 004b 04       		.uleb128 0x4
 410 004c 01       		.byte	0x1
 411 004d 0B       		.uleb128 0xb
 412 004e 0B       		.uleb128 0xb
 413 004f 49       		.uleb128 0x49
 414 0050 13       		.uleb128 0x13
 415 0051 3A       		.uleb128 0x3a
 416 0052 0B       		.uleb128 0xb
 417 0053 3B       		.uleb128 0x3b
 418 0054 0B       		.uleb128 0xb
 419 0055 01       		.uleb128 0x1
 420 0056 13       		.uleb128 0x13
 421 0057 00       		.byte	0
 422 0058 00       		.byte	0
 423 0059 08       		.uleb128 0x8
 424 005a 28       		.uleb128 0x28
 425 005b 00       		.byte	0
 426 005c 03       		.uleb128 0x3
 427 005d 0E       		.uleb128 0xe
 428 005e 1C       		.uleb128 0x1c
 429 005f 0B       		.uleb128 0xb
 430 0060 00       		.byte	0
 431 0061 00       		.byte	0
 432 0062 09       		.uleb128 0x9
 433 0063 2E       		.uleb128 0x2e
 434 0064 01       		.byte	0x1
 435 0065 3F       		.uleb128 0x3f
 436 0066 19       		.uleb128 0x19
 437 0067 03       		.uleb128 0x3
 438 0068 0E       		.uleb128 0xe
 439 0069 3A       		.uleb128 0x3a
 440 006a 0B       		.uleb128 0xb
 441 006b 3B       		.uleb128 0x3b
 442 006c 0B       		.uleb128 0xb
 443 006d 27       		.uleb128 0x27
 444 006e 19       		.uleb128 0x19
 445 006f 11       		.uleb128 0x11
 446 0070 01       		.uleb128 0x1
 447 0071 12       		.uleb128 0x12
 448 0072 06       		.uleb128 0x6
 449 0073 40       		.uleb128 0x40
 450 0074 18       		.uleb128 0x18
 451 0075 9742     		.uleb128 0x2117
 452 0077 19       		.uleb128 0x19
 453 0078 01       		.uleb128 0x1
 454 0079 13       		.uleb128 0x13
 455 007a 00       		.byte	0
 456 007b 00       		.byte	0
 457 007c 0A       		.uleb128 0xa
 458 007d 898201   		.uleb128 0x4109
 459 0080 00       		.byte	0
 460 0081 11       		.uleb128 0x11
ARM GAS  C:\Users\Lorenzo\AppData\Local\Temp\ccvLfjjg.s 			page 10


 461 0082 01       		.uleb128 0x1
 462 0083 31       		.uleb128 0x31
 463 0084 13       		.uleb128 0x13
 464 0085 00       		.byte	0
 465 0086 00       		.byte	0
 466 0087 0B       		.uleb128 0xb
 467 0088 898201   		.uleb128 0x4109
 468 008b 01       		.byte	0x1
 469 008c 11       		.uleb128 0x11
 470 008d 01       		.uleb128 0x1
 471 008e 31       		.uleb128 0x31
 472 008f 13       		.uleb128 0x13
 473 0090 01       		.uleb128 0x1
 474 0091 13       		.uleb128 0x13
 475 0092 00       		.byte	0
 476 0093 00       		.byte	0
 477 0094 0C       		.uleb128 0xc
 478 0095 8A8201   		.uleb128 0x410a
 479 0098 00       		.byte	0
 480 0099 02       		.uleb128 0x2
 481 009a 18       		.uleb128 0x18
 482 009b 9142     		.uleb128 0x2111
 483 009d 18       		.uleb128 0x18
 484 009e 00       		.byte	0
 485 009f 00       		.byte	0
 486 00a0 0D       		.uleb128 0xd
 487 00a1 898201   		.uleb128 0x4109
 488 00a4 01       		.byte	0x1
 489 00a5 11       		.uleb128 0x11
 490 00a6 01       		.uleb128 0x1
 491 00a7 31       		.uleb128 0x31
 492 00a8 13       		.uleb128 0x13
 493 00a9 00       		.byte	0
 494 00aa 00       		.byte	0
 495 00ab 0E       		.uleb128 0xe
 496 00ac 34       		.uleb128 0x34
 497 00ad 00       		.byte	0
 498 00ae 03       		.uleb128 0x3
 499 00af 0E       		.uleb128 0xe
 500 00b0 3A       		.uleb128 0x3a
 501 00b1 0B       		.uleb128 0xb
 502 00b2 3B       		.uleb128 0x3b
 503 00b3 05       		.uleb128 0x5
 504 00b4 49       		.uleb128 0x49
 505 00b5 13       		.uleb128 0x13
 506 00b6 3F       		.uleb128 0x3f
 507 00b7 19       		.uleb128 0x19
 508 00b8 3C       		.uleb128 0x3c
 509 00b9 19       		.uleb128 0x19
 510 00ba 00       		.byte	0
 511 00bb 00       		.byte	0
 512 00bc 0F       		.uleb128 0xf
 513 00bd 01       		.uleb128 0x1
 514 00be 01       		.byte	0x1
 515 00bf 49       		.uleb128 0x49
 516 00c0 13       		.uleb128 0x13
 517 00c1 01       		.uleb128 0x1
ARM GAS  C:\Users\Lorenzo\AppData\Local\Temp\ccvLfjjg.s 			page 11


 518 00c2 13       		.uleb128 0x13
 519 00c3 00       		.byte	0
 520 00c4 00       		.byte	0
 521 00c5 10       		.uleb128 0x10
 522 00c6 21       		.uleb128 0x21
 523 00c7 00       		.byte	0
 524 00c8 49       		.uleb128 0x49
 525 00c9 13       		.uleb128 0x13
 526 00ca 2F       		.uleb128 0x2f
 527 00cb 0B       		.uleb128 0xb
 528 00cc 00       		.byte	0
 529 00cd 00       		.byte	0
 530 00ce 11       		.uleb128 0x11
 531 00cf 34       		.uleb128 0x34
 532 00d0 00       		.byte	0
 533 00d1 03       		.uleb128 0x3
 534 00d2 0E       		.uleb128 0xe
 535 00d3 3A       		.uleb128 0x3a
 536 00d4 0B       		.uleb128 0xb
 537 00d5 3B       		.uleb128 0x3b
 538 00d6 0B       		.uleb128 0xb
 539 00d7 49       		.uleb128 0x49
 540 00d8 13       		.uleb128 0x13
 541 00d9 3F       		.uleb128 0x3f
 542 00da 19       		.uleb128 0x19
 543 00db 02       		.uleb128 0x2
 544 00dc 18       		.uleb128 0x18
 545 00dd 00       		.byte	0
 546 00de 00       		.byte	0
 547 00df 12       		.uleb128 0x12
 548 00e0 2E       		.uleb128 0x2e
 549 00e1 00       		.byte	0
 550 00e2 3F       		.uleb128 0x3f
 551 00e3 19       		.uleb128 0x19
 552 00e4 3C       		.uleb128 0x3c
 553 00e5 19       		.uleb128 0x19
 554 00e6 6E       		.uleb128 0x6e
 555 00e7 0E       		.uleb128 0xe
 556 00e8 03       		.uleb128 0x3
 557 00e9 0E       		.uleb128 0xe
 558 00ea 3A       		.uleb128 0x3a
 559 00eb 0B       		.uleb128 0xb
 560 00ec 3B       		.uleb128 0x3b
 561 00ed 0B       		.uleb128 0xb
 562 00ee 00       		.byte	0
 563 00ef 00       		.byte	0
 564 00f0 00       		.byte	0
 565              		.section	.debug_aranges,"",%progbits
 566 0000 1C000000 		.4byte	0x1c
 567 0004 0200     		.2byte	0x2
 568 0006 00000000 		.4byte	.Ldebug_info0
 569 000a 04       		.byte	0x4
 570 000b 00       		.byte	0
 571 000c 0000     		.2byte	0
 572 000e 0000     		.2byte	0
 573 0010 00000000 		.4byte	.LFB63
 574 0014 4C000000 		.4byte	.LFE63-.LFB63
ARM GAS  C:\Users\Lorenzo\AppData\Local\Temp\ccvLfjjg.s 			page 12


 575 0018 00000000 		.4byte	0
 576 001c 00000000 		.4byte	0
 577              		.section	.debug_ranges,"",%progbits
 578              	.Ldebug_ranges0:
 579 0000 00000000 		.4byte	.LFB63
 580 0004 4C000000 		.4byte	.LFE63
 581 0008 00000000 		.4byte	0
 582 000c 00000000 		.4byte	0
 583              		.section	.debug_line,"",%progbits
 584              	.Ldebug_line0:
 585 0000 C0010000 		.section	.debug_str,"MS",%progbits,1
 585      02009E01 
 585      00000201 
 585      FB0E0D00 
 585      01010101 
 586              	.LASF4:
 587 0000 5F5F7569 		.ascii	"__uint8_t\000"
 587      6E74385F 
 587      7400
 588              	.LASF5:
 589 000a 5F5F696E 		.ascii	"__int32_t\000"
 589      7433325F 
 589      7400
 590              	.LASF26:
 591 0014 54696D65 		.ascii	"Timer_ReadStatusRegister\000"
 591      725F5265 
 591      61645374 
 591      61747573 
 591      52656769 
 592              	.LASF25:
 593 002d 73746174 		.ascii	"status_register_\000"
 593      75735F72 
 593      65676973 
 593      7465725F 
 593      00
 594              	.LASF14:
 595 003e 666C6F61 		.ascii	"float\000"
 595      7400
 596              	.LASF32:
 597 0044 43757374 		.ascii	"Custom_TIMER_ISR\000"
 597      6F6D5F54 
 597      494D4552 
 597      5F495352 
 597      00
 598              	.LASF1:
 599 0055 756E7369 		.ascii	"unsigned char\000"
 599      676E6564 
 599      20636861 
 599      7200
 600              	.LASF29:
 601 0063 474E5520 		.ascii	"GNU C11 5.4.1 20160609 (release) [ARM/embedded-5-br"
 601      43313120 
 601      352E342E 
 601      31203230 
 601      31363036 
 602 0096 616E6368 		.ascii	"anch revision 237715] -mcpu=cortex-m3 -mthumb -g -O"
 602      20726576 
ARM GAS  C:\Users\Lorenzo\AppData\Local\Temp\ccvLfjjg.s 			page 13


 602      6973696F 
 602      6E203233 
 602      37373135 
 603 00c9 67202D66 		.ascii	"g -ffunction-sections -ffat-lto-objects\000"
 603      66756E63 
 603      74696F6E 
 603      2D736563 
 603      74696F6E 
 604              	.LASF7:
 605 00f1 6C6F6E67 		.ascii	"long unsigned int\000"
 605      20756E73 
 605      69676E65 
 605      6420696E 
 605      7400
 606              	.LASF3:
 607 0103 73686F72 		.ascii	"short unsigned int\000"
 607      7420756E 
 607      7369676E 
 607      65642069 
 607      6E7400
 608              	.LASF6:
 609 0116 6C6F6E67 		.ascii	"long int\000"
 609      20696E74 
 609      00
 610              	.LASF21:
 611 011f 49544D5F 		.ascii	"ITM_RxBuffer\000"
 611      52784275 
 611      66666572 
 611      00
 612              	.LASF22:
 613 012c 41636344 		.ascii	"AccData\000"
 613      61746100 
 614              	.LASF15:
 615 0134 646F7562 		.ascii	"double\000"
 615      6C6500
 616              	.LASF28:
 617 013b 4932435F 		.ascii	"I2C_Peripheral_ReadRegisterMulti\000"
 617      50657269 
 617      70686572 
 617      616C5F52 
 617      65616452 
 618              	.LASF10:
 619 015c 756E7369 		.ascii	"unsigned int\000"
 619      676E6564 
 619      20696E74 
 619      00
 620              	.LASF9:
 621 0169 6C6F6E67 		.ascii	"long long unsigned int\000"
 621      206C6F6E 
 621      6720756E 
 621      7369676E 
 621      65642069 
 622              	.LASF11:
 623 0180 75696E74 		.ascii	"uint8_t\000"
 623      385F7400 
 624              	.LASF12:
 625 0188 696E7433 		.ascii	"int32_t\000"
ARM GAS  C:\Users\Lorenzo\AppData\Local\Temp\ccvLfjjg.s 			page 14


 625      325F7400 
 626              	.LASF18:
 627 0190 73697A65 		.ascii	"sizetype\000"
 627      74797065 
 627      00
 628              	.LASF24:
 629 0199 6572726F 		.ascii	"error\000"
 629      7200
 630              	.LASF8:
 631 019f 6C6F6E67 		.ascii	"long long int\000"
 631      206C6F6E 
 631      6720696E 
 631      7400
 632              	.LASF16:
 633 01ad 63686172 		.ascii	"char\000"
 633      00
 634              	.LASF27:
 635 01b2 4932435F 		.ascii	"I2C_Peripheral_ReadRegister\000"
 635      50657269 
 635      70686572 
 635      616C5F52 
 635      65616452 
 636              	.LASF2:
 637 01ce 73686F72 		.ascii	"short int\000"
 637      7420696E 
 637      7400
 638              	.LASF23:
 639 01d8 5061636B 		.ascii	"PacketReadyFlag\000"
 639      65745265 
 639      61647946 
 639      6C616700 
 640              	.LASF13:
 641 01e8 75696E74 		.ascii	"uint8\000"
 641      3800
 642              	.LASF31:
 643 01ee 433A5C55 		.ascii	"C:\\Users\\Lorenzo\\Desktop\\PSoC_03_Complete\\PSoC"
 643      73657273 
 643      5C4C6F72 
 643      656E7A6F 
 643      5C446573 
 644 021c 5F30335C 		.ascii	"_03\\AY1920_II_HW_05_PROJ_2.cydsn\000"
 644      41593139 
 644      32305F49 
 644      495F4857 
 644      5F30355F 
 645              	.LASF19:
 646 023d 4E4F5F45 		.ascii	"NO_ERROR\000"
 646      52524F52 
 646      00
 647              	.LASF20:
 648 0246 4552524F 		.ascii	"ERROR\000"
 648      5200
 649              	.LASF17:
 650 024c 6C6F6E67 		.ascii	"long double\000"
 650      20646F75 
 650      626C6500 
 651              	.LASF0:
ARM GAS  C:\Users\Lorenzo\AppData\Local\Temp\ccvLfjjg.s 			page 15


 652 0258 7369676E 		.ascii	"signed char\000"
 652      65642063 
 652      68617200 
 653              	.LASF30:
 654 0264 496E7465 		.ascii	"InterruptRoutines.c\000"
 654      72727570 
 654      74526F75 
 654      74696E65 
 654      732E6300 
 655              		.ident	"GCC: (GNU Tools for ARM Embedded Processors) 5.4.1 20160609 (release) [ARM/embedded-5-bran
